[2018-01-23 17:07:58.377] [exthost1] [info] extension host started
[2018-01-23 17:07:58.388] [exthost1] [info] ExtensionService#_doActivateExtension vscode.emmet {"startup":true,"activationEvent":"*"}
[2018-01-23 17:07:58.388] [exthost1] [info] ExtensionService#loadCommonJSModule /usr/share/code/resources/app/extensions/emmet/out/extension
[2018-01-23 17:07:58.430] [exthost1] [info] ExtensionService#_doActivateExtension vscode.git {"startup":true,"activationEvent":"*"}
[2018-01-23 17:07:58.430] [exthost1] [info] ExtensionService#loadCommonJSModule /usr/share/code/resources/app/extensions/git/out/main
[2018-01-23 17:07:58.479] [exthost1] [info] ExtensionService#_doActivateExtension vscode.merge-conflict {"startup":true,"activationEvent":"*"}
[2018-01-23 17:07:58.479] [exthost1] [info] ExtensionService#loadCommonJSModule /usr/share/code/resources/app/extensions/merge-conflict/out/extension
[2018-01-23 17:07:58.488] [exthost1] [info] ExtensionService#_doActivateExtension Equinusocio.vsc-material-theme {"startup":true,"activationEvent":"*"}
[2018-01-23 17:07:58.488] [exthost1] [info] ExtensionService#loadCommonJSModule /home/bob/.vscode/extensions/Equinusocio.vsc-material-theme-1.3.0/extensions/material.theme.config.js
[2018-01-23 17:07:58.492] [exthost1] [info] ExtensionService#_doActivateExtension HookyQR.beautify {"startup":true,"activationEvent":"*"}
[2018-01-23 17:07:58.492] [exthost1] [info] ExtensionService#loadCommonJSModule /home/bob/.vscode/extensions/HookyQR.beautify-1.1.1/extension
[2018-01-23 17:07:58.541] [exthost1] [info] ExtensionService#_doActivateExtension PKief.material-icon-theme {"startup":true,"activationEvent":"*"}
[2018-01-23 17:07:58.541] [exthost1] [info] ExtensionService#loadCommonJSModule /home/bob/.vscode/extensions/PKief.material-icon-theme-3.2.1/out/src/extension
[2018-01-23 17:07:58.562] [exthost1] [info] ExtensionService#_doActivateExtension Sophisticode.php-formatter {"startup":true,"activationEvent":"*"}
[2018-01-23 17:07:58.562] [exthost1] [info] ExtensionService#loadCommonJSModule /home/bob/.vscode/extensions/Sophisticode.php-formatter-0.2.4/out/extension
[2018-01-23 17:07:58.569] [exthost1] [info] ExtensionService#_doActivateExtension Zignd.html-css-class-completion {"startup":true,"activationEvent":"*"}
[2018-01-23 17:07:58.569] [exthost1] [info] ExtensionService#loadCommonJSModule /home/bob/.vscode/extensions/Zignd.html-css-class-completion-1.16.1/out/src/extension
[2018-01-23 17:07:58.783] [exthost1] [info] ExtensionService#_doActivateExtension be5invis.vscode-custom-css {"startup":true,"activationEvent":"*"}
[2018-01-23 17:07:58.783] [exthost1] [info] ExtensionService#loadCommonJSModule /home/bob/.vscode/extensions/be5invis.vscode-custom-css-2.6.1/src/extension
[2018-01-23 17:07:58.785] [exthost1] [info] ExtensionService#_doActivateExtension dbaeumer.vscode-eslint {"startup":true,"activationEvent":"*"}
[2018-01-23 17:07:58.785] [exthost1] [info] ExtensionService#loadCommonJSModule /home/bob/.vscode/extensions/dbaeumer.vscode-eslint-1.4.4/client/out/extension
[2018-01-23 17:07:58.829] [exthost1] [info] ExtensionService#_doActivateExtension esbenp.prettier-vscode {"startup":true,"activationEvent":"*"}
[2018-01-23 17:07:58.829] [exthost1] [info] ExtensionService#loadCommonJSModule /home/bob/.vscode/extensions/esbenp.prettier-vscode-1.1.2/out/src/extension
[2018-01-23 17:07:58.934] [exthost1] [info] ExtensionService#_doActivateExtension formulahendry.auto-close-tag {"startup":true,"activationEvent":"*"}
[2018-01-23 17:07:58.934] [exthost1] [info] ExtensionService#loadCommonJSModule /home/bob/.vscode/extensions/formulahendry.auto-close-tag-0.5.5/out/src/extension
[2018-01-23 17:07:58.935] [exthost1] [info] ExtensionService#_doActivateExtension robertohuertasm.vscode-icons {"startup":true,"activationEvent":"*"}
[2018-01-23 17:07:58.935] [exthost1] [info] ExtensionService#loadCommonJSModule /home/bob/.vscode/extensions/robertohuertasm.vscode-icons-7.19.0/out/src/
[2018-01-23 17:07:58.981] [exthost1] [info] ExtensionService#_doActivateExtension tungvn.wordpress-snippet {"startup":true,"activationEvent":"*"}
[2018-01-23 17:07:58.981] [exthost1] [info] ExtensionService#loadCommonJSModule /home/bob/.vscode/extensions/tungvn.wordpress-snippet-1.1.2/extension
[2018-01-23 17:07:58.981] [exthost1] [info] ExtensionService#_doActivateExtension ms-vscode.node-debug2 {"startup":true,"activationEvent":"*"}
[2018-01-23 17:07:58.981] [exthost1] [info] ExtensionService#loadCommonJSModule /home/bob/.vscode/extensions/ms-vscode.node-debug2-1.19.0/out/src/extension
[2018-01-23 17:07:58.981] [exthost1] [info] ExtensionService#_doActivateExtension wix.vscode-import-cost {"startup":true,"activationEvent":"*"}
[2018-01-23 17:07:58.981] [exthost1] [info] ExtensionService#loadCommonJSModule /home/bob/.vscode/extensions/wix.vscode-import-cost-2.6.2/out/src/extension
[2018-01-23 17:07:59.432] [exthost1] [info] eager extensions activated
[2018-01-23 17:07:59.515] [exthost1] [info] ExtensionService#_doActivateExtension vscode.configuration-editing {"startup":false,"activationEvent":"onLanguage:jsonc"}
[2018-01-23 17:07:59.515] [exthost1] [info] ExtensionService#loadCommonJSModule /usr/share/code/resources/app/extensions/configuration-editing/out/extension
[2018-01-23 17:07:59.521] [exthost1] [info] ExtensionService#_doActivateExtension vscode.json {"startup":false,"activationEvent":"onLanguage:jsonc"}
[2018-01-23 17:07:59.521] [exthost1] [info] ExtensionService#loadCommonJSModule /usr/share/code/resources/app/extensions/json/client/out/jsonMain
[2018-01-23 17:08:06.837] [exthost1] [info] extension host started
[2018-01-23 17:08:06.852] [exthost1] [info] ExtensionService#_doActivateExtension vscode.emmet {"startup":true,"activationEvent":"*"}
[2018-01-23 17:08:06.852] [exthost1] [info] ExtensionService#loadCommonJSModule /usr/share/code/resources/app/extensions/emmet/out/extension
[2018-01-23 17:08:06.898] [exthost1] [info] ExtensionService#_doActivateExtension vscode.git {"startup":true,"activationEvent":"*"}
[2018-01-23 17:08:06.898] [exthost1] [info] ExtensionService#loadCommonJSModule /usr/share/code/resources/app/extensions/git/out/main
[2018-01-23 17:08:06.953] [exthost1] [info] ExtensionService#_doActivateExtension vscode.merge-conflict {"startup":true,"activationEvent":"*"}
[2018-01-23 17:08:06.953] [exthost1] [info] ExtensionService#loadCommonJSModule /usr/share/code/resources/app/extensions/merge-conflict/out/extension
[2018-01-23 17:08:06.963] [exthost1] [info] ExtensionService#_doActivateExtension Equinusocio.vsc-material-theme {"startup":true,"activationEvent":"*"}
[2018-01-23 17:08:06.963] [exthost1] [info] ExtensionService#loadCommonJSModule /home/bob/.vscode/extensions/Equinusocio.vsc-material-theme-1.3.0/extensions/material.theme.config.js
[2018-01-23 17:08:06.968] [exthost1] [info] ExtensionService#_doActivateExtension HookyQR.beautify {"startup":true,"activationEvent":"*"}
[2018-01-23 17:08:06.968] [exthost1] [info] ExtensionService#loadCommonJSModule /home/bob/.vscode/extensions/HookyQR.beautify-1.1.1/extension
[2018-01-23 17:08:07.027] [exthost1] [info] ExtensionService#_doActivateExtension PKief.material-icon-theme {"startup":true,"activationEvent":"*"}
[2018-01-23 17:08:07.027] [exthost1] [info] ExtensionService#loadCommonJSModule /home/bob/.vscode/extensions/PKief.material-icon-theme-3.2.1/out/src/extension
[2018-01-23 17:08:07.049] [exthost1] [info] ExtensionService#_doActivateExtension Sophisticode.php-formatter {"startup":true,"activationEvent":"*"}
[2018-01-23 17:08:07.049] [exthost1] [info] ExtensionService#loadCommonJSModule /home/bob/.vscode/extensions/Sophisticode.php-formatter-0.2.4/out/extension
[2018-01-23 17:08:07.057] [exthost1] [info] ExtensionService#_doActivateExtension Zignd.html-css-class-completion {"startup":true,"activationEvent":"*"}
[2018-01-23 17:08:07.057] [exthost1] [info] ExtensionService#loadCommonJSModule /home/bob/.vscode/extensions/Zignd.html-css-class-completion-1.16.1/out/src/extension
[2018-01-23 17:08:07.288] [exthost1] [info] ExtensionService#_doActivateExtension be5invis.vscode-custom-css {"startup":true,"activationEvent":"*"}
[2018-01-23 17:08:07.288] [exthost1] [info] ExtensionService#loadCommonJSModule /home/bob/.vscode/extensions/be5invis.vscode-custom-css-2.6.1/src/extension
[2018-01-23 17:08:07.290] [exthost1] [info] ExtensionService#_doActivateExtension dbaeumer.vscode-eslint {"startup":true,"activationEvent":"*"}
[2018-01-23 17:08:07.290] [exthost1] [info] ExtensionService#loadCommonJSModule /home/bob/.vscode/extensions/dbaeumer.vscode-eslint-1.4.4/client/out/extension
[2018-01-23 17:08:07.335] [exthost1] [info] ExtensionService#_doActivateExtension esbenp.prettier-vscode {"startup":true,"activationEvent":"*"}
[2018-01-23 17:08:07.335] [exthost1] [info] ExtensionService#loadCommonJSModule /home/bob/.vscode/extensions/esbenp.prettier-vscode-1.1.2/out/src/extension
[2018-01-23 17:08:07.444] [exthost1] [info] ExtensionService#_doActivateExtension formulahendry.auto-close-tag {"startup":true,"activationEvent":"*"}
[2018-01-23 17:08:07.444] [exthost1] [info] ExtensionService#loadCommonJSModule /home/bob/.vscode/extensions/formulahendry.auto-close-tag-0.5.5/out/src/extension
[2018-01-23 17:08:07.445] [exthost1] [info] ExtensionService#_doActivateExtension robertohuertasm.vscode-icons {"startup":true,"activationEvent":"*"}
[2018-01-23 17:08:07.445] [exthost1] [info] ExtensionService#loadCommonJSModule /home/bob/.vscode/extensions/robertohuertasm.vscode-icons-7.19.0/out/src/
[2018-01-23 17:08:07.496] [exthost1] [info] ExtensionService#_doActivateExtension tungvn.wordpress-snippet {"startup":true,"activationEvent":"*"}
[2018-01-23 17:08:07.496] [exthost1] [info] ExtensionService#loadCommonJSModule /home/bob/.vscode/extensions/tungvn.wordpress-snippet-1.1.2/extension
[2018-01-23 17:08:07.496] [exthost1] [info] ExtensionService#_doActivateExtension ms-vscode.node-debug2 {"startup":true,"activationEvent":"*"}
[2018-01-23 17:08:07.496] [exthost1] [info] ExtensionService#loadCommonJSModule /home/bob/.vscode/extensions/ms-vscode.node-debug2-1.19.0/out/src/extension
[2018-01-23 17:08:07.496] [exthost1] [info] ExtensionService#_doActivateExtension wix.vscode-import-cost {"startup":true,"activationEvent":"*"}
[2018-01-23 17:08:07.496] [exthost1] [info] ExtensionService#loadCommonJSModule /home/bob/.vscode/extensions/wix.vscode-import-cost-2.6.2/out/src/extension
[2018-01-23 17:08:07.969] [exthost1] [info] eager extensions activated
[2018-01-23 17:08:08.038] [exthost1] [info] ExtensionService#_doActivateExtension vscode.configuration-editing {"startup":false,"activationEvent":"onLanguage:jsonc"}
[2018-01-23 17:08:08.038] [exthost1] [info] ExtensionService#loadCommonJSModule /usr/share/code/resources/app/extensions/configuration-editing/out/extension
[2018-01-23 17:08:08.044] [exthost1] [info] ExtensionService#_doActivateExtension vscode.json {"startup":false,"activationEvent":"onLanguage:jsonc"}
[2018-01-23 17:08:08.044] [exthost1] [info] ExtensionService#loadCommonJSModule /usr/share/code/resources/app/extensions/json/client/out/jsonMain
